Wed Apr 14 15:03:31 2010: Host: server_cgi=10.217.140.116
Wed Apr 14 15:03:31 2010: Start socket initialisation
Wed Apr 14 15:03:31 2010: Retrying socket initialisation
Wed Apr 14 15:03:31 2010: Retrying socket initialisation
Wed Apr 14 15:03:31 2010: Retrying socket initialisation
Wed Apr 14 15:03:31 2010: End socket initialisation.
Wed Apr 14 15:04:34 2010: Host: server_cgi=10.217.140.116
Wed Apr 14 15:04:34 2010: Start socket initialisation
Wed Apr 14 15:04:34 2010: Retrying socket initialisation
Wed Apr 14 15:04:34 2010: Retrying socket initialisation
Wed Apr 14 15:04:34 2010: Retrying socket initialisation
Wed Apr 14 15:04:34 2010: End socket initialisation.
Wed Apr 14 15:09:16 2010: Host: 10.24.138.147
Wed Apr 14 15:09:16 2010: Start socket initialisation
Wed Apr 14 15:09:16 2010: Retrying socket initialisation
Wed Apr 14 15:09:16 2010: Retrying socket initialisation
Wed Apr 14 15:09:16 2010: Retrying socket initialisation
Wed Apr 14 15:09:16 2010: End socket initialisation.
Wed Apr 14 16:29:15 2010: Host: 10.24.138.147
Wed Apr 14 16:29:15 2010: Start socket initialisation
Wed Apr 14 16:29:15 2010: Retrying socket initialisation
Wed Apr 14 16:29:15 2010: Retrying socket initialisation
Wed Apr 14 16:29:15 2010: Retrying socket initialisation
Wed Apr 14 16:29:15 2010: End socket initialisation.
Wed Apr 14 16:29:52 2010: Host: 10.24.138.147
Wed Apr 14 16:29:52 2010: Start socket initialisation
Wed Apr 14 16:29:52 2010: Retrying socket initialisation
Wed Apr 14 16:29:52 2010: Retrying socket initialisation
Wed Apr 14 16:29:52 2010: Retrying socket initialisation
Wed Apr 14 16:29:52 2010: End socket initialisation.
Wed Apr 14 16:30:32 2010: Host: 10.24.138.147
Wed Apr 14 16:30:32 2010: Start socket initialisation
Wed Apr 14 16:30:32 2010: Retrying socket initialisation
Wed Apr 14 16:30:32 2010: Retrying socket initialisation
Wed Apr 14 16:30:32 2010: Retrying socket initialisation
Wed Apr 14 16:30:32 2010: End socket initialisation.
Wed Apr 14 16:36:27 2010: Host: server_cgi=10.217.140.116
Wed Apr 14 16:36:27 2010: Start socket initialisation
Wed Apr 14 16:36:27 2010: Retrying socket initialisation
Wed Apr 14 16:36:27 2010: Retrying socket initialisation
Wed Apr 14 16:36:27 2010: Retrying socket initialisation
Wed Apr 14 16:36:27 2010: End socket initialisation.
